src/coordination/Condition.java
src/coordination/CoordinationAction.java
src/coordination/Coordinator.java
src/coordination/Exclusion.java
src/coordination/MethodState.java
src/coordination/Mutex.java
src/coordination/Selfex.java
src/coordination/TimeoutException.java
src/spacewar/Bullet.java
src/spacewar/Debug.java
src/spacewar/Display.java
src/spacewar/Display1.java
src/spacewar/Display2.java
src/spacewar/EnergyPacket.java
src/spacewar/EnergyPacketProducer.java
src/spacewar/EnsureShipIsAlive.java
src/spacewar/Game.java
src/spacewar/GameSynchronization.java
src/spacewar/Pilot.java
src/spacewar/Player.java
src/spacewar/Registry.java
src/spacewar/RegistrySynchronization.java
src/spacewar/Robot.java
src/spacewar/SWFrame.java
src/spacewar/Ship.java
src/spacewar/SpaceObject.java
src/spacewar/Timer.java
